.git
*.md
docimg
models/*.blend
models/*.blend1
models/*.xcf
models/modelnotes.txt
tools
graphics/HUD/Icons/I_Barrier.png
models/matcap/barriermap.png
models/Barrier*
models/barrierbar.png
shaders/pp/Barrier.fp
sounds/items/barrier*
zscript/items/swwm_ebarrier.zsc
gldefs.ebarrier
modeldef.ebarrier
graphics/HUD/Icons/I_Embiggener.png
models/Embiggener*
sounds/items/embiggen.ogg
zscript/items/swwm_ammoextra.zsc
gldefs.hammerspace
modeldef.hammerspace
graphics/HUD/Icons/I_Omnisight.png
models/Omnisight*
sounds/items/omnisight.ogg
zscript/items/swwm_omnisight.zsc
gldefs.omnisight
modeldef.omnisight
graphics/BDScreen
graphics/HDoom_*
sounds/BDSCREEN.ogg
sounds/BONK.ogg
gldefs.bdscreen
gldefs.hdscreen
zscript/compat/swwm_shame.zsc
zscript/compat/swwm_hdoom.zsc
